<?xml version="1.0" encoding="UTF-8"?>
<!-- Generated by org.testng.reporters.JUnitReportReporter -->
<testsuite hostname="DESKTOP-7R5CGPG" name="com.example.tests.ContactRemovalTests" tests="1" failures="0" timestamp="3 Nov 2016 10:34:14 GMT" time="0.891" errors="0">
  <testcase name="deleteSomeContact" time="0.891" classname="com.example.tests.ContactRemovalTests"/>
</testsuite> <!-- com.example.tests.ContactRemovalTests -->
