<?xml version="1.0" encoding="UTF-8"?>
<!-- Generated by org.testng.reporters.JUnitReportReporter -->
<testsuite hostname="DESKTOP-7R5CGPG" name="com.example.tests.ContactModificationTests" tests="1" failures="0" timestamp="28 Nov 2016 14:59:55 GMT" time="1.094" errors="0">
  <testcase name="modifySomeContact" time="1.094" classname="com.example.tests.ContactModificationTests"/>
</testsuite> <!-- com.example.tests.ContactModificationTests -->
