<?xml version="1.0" encoding="UTF-8"?>
<!-- Generated by org.testng.reporters.JUnitReportReporter -->
<testsuite hostname="katya" name="com.example.tests.ContactModificationTests" tests="1" failures="0" timestamp="28 Oct 2016 17:43:50 GMT" time="0.020" errors="0">
  <testcase name="modifySomeContact" time="0.020" classname="com.example.tests.ContactModificationTests"/>
</testsuite> <!-- com.example.tests.ContactModificationTests -->
