<?xml version="1.0" encoding="UTF-8"?>
<!-- Generated by org.testng.reporters.JUnitReportReporter -->
<testsuite hostname="katya" name="com.example.tests.ContactCreationTests" tests="2" failures="0" timestamp="28 Oct 2016 17:44:30 GMT" time="6.362" errors="0">
  <testcase name="testNonEmptyContactCreation" time="3.183" classname="com.example.tests.ContactCreationTests"/>
  <testcase name="testEmptyContactCreation" time="3.179" classname="com.example.tests.ContactCreationTests"/>
</testsuite> <!-- com.example.tests.ContactCreationTests -->
