<?xml version="1.0" encoding="UTF-8"?>
<!-- Generated by org.testng.reporters.JUnitReportReporter -->
<testsuite hostname="DESKTOP-7R5CGPG" name="com.example.tests.GroupRemovalTests" tests="1" failures="0" timestamp="13 Mar 2017 17:59:41 GMT" time="5.139" errors="0">
  <testcase name="deleteSomeGroup" time="5.139" classname="com.example.tests.GroupRemovalTests"/>
</testsuite> <!-- com.example.tests.GroupRemovalTests -->
