<?xml version="1.0" encoding="UTF-8"?>
<!-- Generated by org.testng.reporters.JUnitReportReporter -->
<testsuite hostname="DESKTOP-7R5CGPG" name="com.example.tests.GroupRemovalTests" tests="1" failures="0" timestamp="16 Jan 2017 12:35:15 GMT" time="2.915" errors="0">
  <testcase name="deleteSomeGroup" time="2.915" classname="com.example.tests.GroupRemovalTests"/>
</testsuite> <!-- com.example.tests.GroupRemovalTests -->
