<?xml version="1.0" encoding="UTF-8"?>
<!-- Generated by org.testng.reporters.JUnitReportReporter -->
<testsuite hostname="katya" name="com.example.tests.GroupCreationTests" tests="2" failures="0" timestamp="22 Oct 2016 12:49:58 GMT" time="6.720" errors="0">
  <testcase name="testNonEmptyGroupCreation" time="3.475" classname="com.example.tests.GroupCreationTests"/>
  <testcase name="testEmptyGroupCreation" time="3.245" classname="com.example.tests.GroupCreationTests"/>
</testsuite> <!-- com.example.tests.GroupCreationTests -->
