<?xml version="1.0" encoding="UTF-8"?>
<!-- Generated by org.testng.reporters.JUnitReportReporter -->
<testsuite hostname="katya" name="com.example.tests.GroupCreationTests" tests="2" failures="0" timestamp="28 Oct 2016 17:43:34 GMT" time="4.564" errors="0">
  <testcase name="testNonEmptyGroupCreation" time="1.992" classname="com.example.tests.GroupCreationTests"/>
  <testcase name="testEmptyGroupCreation" time="2.572" classname="com.example.tests.GroupCreationTests"/>
</testsuite> <!-- com.example.tests.GroupCreationTests -->
