<?xml version="1.0" encoding="UTF-8"?>
<!-- Generated by org.testng.reporters.JUnitReportReporter -->
<testsuite hostname="katya" name="com.example.tests.GroupModificationTests" tests="1" failures="0" timestamp="27 Oct 2016 19:58:12 GMT" time="48.468" errors="0">
  <testcase name="modifySomeGroup" time="48.468" classname="com.example.tests.GroupModificationTests"/>
</testsuite> <!-- com.example.tests.GroupModificationTests -->
