<?xml version="1.0" encoding="UTF-8"?>
<!-- Generated by org.testng.reporters.JUnitReportReporter -->
<testsuite hostname="katya" name="com.example.tests.ContactCreationTests" tests="2" failures="0" timestamp="27 Oct 2016 18:20:34 GMT" time="13.209" errors="0">
  <testcase name="testNonEmptyContactCreation" time="5.410" classname="com.example.tests.ContactCreationTests"/>
  <testcase name="testEmptyContactCreation" time="7.799" classname="com.example.tests.ContactCreationTests"/>
</testsuite> <!-- com.example.tests.ContactCreationTests -->
