<?xml version="1.0" encoding="UTF-8"?>
<!-- Generated by org.testng.reporters.JUnitReportReporter -->
<testsuite hostname="DESKTOP-7R5CGPG" name="com.example.tests.GroupModificationTests" tests="5" failures="0" timestamp="17 Nov 2016 15:53:23 GMT" time="17.565" errors="0">
  <testcase name="modifySomeGroup" time="3.407" classname="com.example.tests.GroupModificationTests"/>
  <testcase name="modifySomeGroup" time="3.681" classname="com.example.tests.GroupModificationTests"/>
  <testcase name="modifySomeGroup" time="3.569" classname="com.example.tests.GroupModificationTests"/>
  <testcase name="modifySomeGroup" time="3.431" classname="com.example.tests.GroupModificationTests"/>
  <testcase name="modifySomeGroup" time="3.477" classname="com.example.tests.GroupModificationTests"/>
</testsuite> <!-- com.example.tests.GroupModificationTests -->
