<?xml version="1.0" encoding="UTF-8"?>
<!-- Generated by org.testng.reporters.JUnitReportReporter -->
<testsuite hostname="katya" name="com.example.tests.GroupModificationTests" tests="1" failures="0" timestamp="28 Oct 2016 17:43:10 GMT" time="3.043" errors="0">
  <testcase name="modifySomeGroup" time="3.043" classname="com.example.tests.GroupModificationTests"/>
</testsuite> <!-- com.example.tests.GroupModificationTests -->
