<?xml version="1.0" encoding="UTF-8"?>
<!-- Generated by org.testng.reporters.JUnitReportReporter -->
<testsuite hostname="katya" name="com.example.tests.GroupRemovalTests" tests="1" failures="0" timestamp="27 Oct 2016 18:34:35 GMT" time="2.325" errors="0">
  <testcase name="deleteSomeGroup" time="2.325" classname="com.example.tests.GroupRemovalTests"/>
</testsuite> <!-- com.example.tests.GroupRemovalTests -->
