<?xml version="1.0" encoding="UTF-8"?>
<!-- Generated by org.testng.reporters.JUnitReportReporter -->
<testsuite hostname="DESKTOP-7R5CGPG" name="com.example.tests.GroupModificationTests" tests="1" failures="0" timestamp="7 Nov 2016 15:23:07 GMT" time="1.298" errors="0">
  <testcase name="modifySomeGroup" time="1.298" classname="com.example.tests.GroupModificationTests"/>
</testsuite> <!-- com.example.tests.GroupModificationTests -->
