<?xml version="1.0" encoding="UTF-8"?>
<!-- Generated by org.testng.reporters.JUnitReportReporter -->
<testsuite hostname="DESKTOP-7R5CGPG" name="com.example.tests.ContactRemovalTests" tests="1" failures="1" timestamp="14 Apr 2017 13:28:15 GMT" time="2.393" errors="0">
  <testcase name="deleteSomeContact" time="2.393" classname="com.example.tests.ContactRemovalTests">
    <failure type="java.lang.AssertionError" message="
Expected: &lt;[ContactData [firstname= ], ContactData [firstname= contact-1741228021], ContactData [firstname= contact-250387542], ContactData [firstname= contact-33178555], ContactData [firstname= contact-944830002], ContactData [firstname= contact2042220997], ContactData [firstname= contact508015979], ContactData [firstname= contact573852903], ContactData [firstname= contact763698784], ContactData [firstname=contact-1003893696 contact1832957854], ContactData [firstname=contact-1018542874 contact1110630228], ContactData [firstname=contact-1032812329 contact1876990189], ContactData [firstname=contact-105380454 contact992918957], ContactData [firstname=contact-1112086347 contact-1666353661], ContactData [firstname=contact-111959760 contact1643959773], ContactData [firstname=contact-1124431461 contact-452730502], ContactData [firstname=contact-1125949593 contact-821563618], ContactData [firstname=contact-1142138484 contact-1485178577], ContactData [firstname=contact-1232624097 contact1228528473], ContactData [firstname=contact-1296169357 contact1327358402], ContactData [firstname=contact-1298868068 contact341066488], ContactData [firstname=contact-1306163080 contact1931510435], ContactData [firstname=contact-1360453192 contact-1182926829], ContactData [firstname=contact-1411891802 contact1490345085], ContactData [firstname=contact-1419795810 contact805183648], ContactData [firstname=contact-1530734337 contact-919386532], ContactData [firstname=contact-1543292716 contact382193066], ContactData [firstname=contact-1588979492 contact754405279], ContactData [firstname=contact-1625981785 contact1627749263], ContactData [firstname=contact-1638481963 contact2052824284], ContactData [firstname=contact-1657023750 contact-44627923], ContactData [firstname=contact-1664303146 contact194093936], ContactData [firstname=contact-1684141045 contact650480183], ContactData [firstname=contact-1692717059 contact-1258749546], ContactData [firstname=contact-1698790333 contact-2040943560], ContactData [firstname=contact-1706345991 contact545397946], ContactData [firstname=contact-1790052112 contact1909743213], ContactData [firstname=contact-1829135471 contact-1699923658], ContactData [firstname=contact-1845643199 contact-1293422703], ContactData [firstname=contact-1854462270 contact1987709254], ContactData [firstname=contact-1921235675 contact-396102320], ContactData [firstname=contact-1938935541 contact-1725653626], ContactData [firstname=contact-1945750768 contact979009808], ContactData [firstname=contact-1947669619 contact1257355028], ContactData [firstname=contact-2049265173 contact657043581], ContactData [firstname=contact-2072565575 contact-1876456754], ContactData [firstname=contact-209263223 contact-898023800], ContactData [firstname=contact-23994652 contact1752948548], ContactData [firstname=contact-28300196 contact-685770796], ContactData [firstname=contact-290524347 contact1686216020], ContactData [firstname=contact-295577759 contact203382066], ContactData [firstname=contact-297606789 contact-81972049], ContactData [firstname=contact-303218186 contact218530852], ContactData [firstname=contact-325665618 ], ContactData [firstname=contact-333467828 contact1347974903], ContactData [firstname=contact-523353569 contact619200242], ContactData [firstname=contact-5403757 contact-471769588], ContactData [firstname=contact-597313071 contact841742668], ContactData [firstname=contact-631089381 contact-1074471345], ContactData [firstname=contact-645202244 contact1344888036], ContactData [firstname=contact-6610642 contact-1033766941], ContactData [firstname=contact-667173500 ], ContactData [firstname=contact-713864975 contact1274230563], ContactData [firstname=contact-726751997 contact-81866567], ContactData [firstname=contact-76440178 contact-492550361], ContactData [firstname=contact-789690377 contact691968569], ContactData [firstname=contact-817426665 contact-744985275], ContactData [firstname=contact-854856772 contact1875903107], ContactData [firstname=contact-879904822 contact2097009343], ContactData [firstname=contact-885736584 contact-338516388], ContactData [firstname=contact-895055293 contact100338882], ContactData [firstname=contact-928493325 contact-1600198552], ContactData [firstname=contact1019824555 ], ContactData [firstname=contact1029947798 contact-1818285644], ContactData [firstname=contact1197136367 contact-221333605], ContactData [firstname=contact1225286780 contact-1010534904], ContactData [firstname=contact1351781004 ], ContactData [firstname=contact135346673 contact314285756], ContactData [firstname=contact1384103860 contact-1750297482], ContactData [firstname=contact1412617115 contact1095883949], ContactData [firstname=contact1429293184 contact-230161030], ContactData [firstname=contact1444045682 ], ContactData [firstname=contact1449909716 contact1547212154], ContactData [firstname=contact1501793594 ], ContactData [firstname=contact1575914138 contact-1576014838], ContactData [firstname=contact1576259221 ], ContactData [firstname=contact1652158582 contact1954725106], ContactData [firstname=contact1665352736 contact-68285845], ContactData [firstname=contact1742778120 ], ContactData [firstname=contact1831823349 contact-152113235], ContactData [firstname=contact1868534376 contact-1779637412], ContactData [firstname=contact1895949044 contact-12086501], ContactData [firstname=contact1912129469 contact-499686633], ContactData [firstname=contact19126254 contact1617761075], ContactData [firstname=contact2086857205 ], ContactData [firstname=contact2116612621 contact1751633310], ContactData [firstname=contact2134898930 contact323438367], ContactData [firstname=contact2145354152 contact2081716959], ContactData [firstname=contact2146419344 contact1571946869], ContactData [firstname=contact304859901 contact257944444], ContactData [firstname=contact354158819 contact-768157963], ContactData [firstname=contact377926828 contact166672936], ContactData [firstname=contact387923194 contact304096773], ContactData [firstname=contact396202191 contact1104963259], ContactData [firstname=contact408847072 contact-1941337243], ContactData [firstname=contact427932534 contact-1585175601], ContactData [firstname=contact462882647 contact191281592], ContactData [firstname=contact497088869 contact1309119554], ContactData [firstname=contact504803650 contact-460924083], ContactData [firstname=contact534356041 contact-1880656099], ContactData [firstname=contact556075716 contact867124201], ContactData [firstname=contact578137329 contact-553193585], ContactData [firstname=contact676728428 contact515186250], ContactData [firstname=contact722045612 contact-226564379], ContactData [firstname=contact723879568 contact-629191678], ContactData [firstname=contact751412259 contact231460162], ContactData [firstname=contact803677240 contact2029199687], ContactData [firstname=contact818658350 contact-165602689], ContactData [firstname=contact853086696 contact-53960447], ContactData [firstname=contact907103472 contact344612456], ContactData [firstname=contact914013009 contact-317279928], ContactData [firstname=contact930213537 contact1145517436], ContactData [firstname=contact956238854 contact-463707092], ContactData [firstname=contact995744684 contact1322381095], ContactData [firstname=firstname lastname], ContactData [firstname=firstname lastname], ContactData [firstname=firstname lastname], ContactData [firstname=firstname lastname], ContactData [firstname=firstname lastname], ContactData [firstname=firstname lastname], ContactData [firstname=firstname lastname], ContactData [firstname=firstname lastname], ContactData [firstname=firstname lastname], ContactData [firstname=firstname lastname], ContactData [firstname=firstname lastname], ContactData [firstname=new firstname 1 contact-1085292444]]&gt;
     but: was &lt;[ContactData [firstname= ], ContactData [firstname= contact-1152953726], ContactData [firstname= contact-1741228021], ContactData [firstname= contact-250387542], ContactData [firstname= contact-33178555], ContactData [firstname= contact-944830002], ContactData [firstname= contact2042220997], ContactData [firstname= contact508015979], ContactData [firstname= contact573852903], ContactData [firstname= contact763698784], ContactData [firstname=contact-1003893696 contact1832957854], ContactData [firstname=contact-1018542874 contact1110630228], ContactData [firstname=contact-1032812329 contact1876990189], ContactData [firstname=contact-105380454 contact992918957], ContactData [firstname=contact-1112086347 contact-1666353661], ContactData [firstname=contact-111959760 contact1643959773], ContactData [firstname=contact-1124431461 contact-452730502], ContactData [firstname=contact-1125949593 contact-821563618], ContactData [firstname=contact-1142138484 contact-1485178577], ContactData [firstname=contact-1232624097 contact1228528473], ContactData [firstname=contact-1296169357 contact1327358402], ContactData [firstname=contact-1298868068 contact341066488], ContactData [firstname=contact-1306163080 contact1931510435], ContactData [firstname=contact-1360453192 contact-1182926829], ContactData [firstname=contact-1411891802 contact1490345085], ContactData [firstname=contact-1419795810 contact805183648], ContactData [firstname=contact-1530734337 contact-919386532], ContactData [firstname=contact-1543292716 contact382193066], ContactData [firstname=contact-1588979492 contact754405279], ContactData [firstname=contact-1625981785 contact1627749263], ContactData [firstname=contact-1638481963 contact2052824284], ContactData [firstname=contact-1657023750 contact-44627923], ContactData [firstname=contact-1664303146 contact194093936], ContactData [firstname=contact-1684141045 contact650480183], ContactData [firstname=contact-1692717059 contact-1258749546], ContactData [firstname=contact-1698790333 contact-2040943560], ContactData [firstname=contact-1706345991 contact545397946], ContactData [firstname=contact-1790052112 contact1909743213], ContactData [firstname=contact-1829135471 contact-1699923658], ContactData [firstname=contact-1845643199 contact-1293422703], ContactData [firstname=contact-1854462270 contact1987709254], ContactData [firstname=contact-1921235675 contact-396102320], ContactData [firstname=contact-1938935541 contact-1725653626], ContactData [firstname=contact-1945750768 contact979009808], ContactData [firstname=contact-1947669619 contact1257355028], ContactData [firstname=contact-2049265173 contact657043581], ContactData [firstname=contact-2072565575 contact-1876456754], ContactData [firstname=contact-209263223 contact-898023800], ContactData [firstname=contact-23994652 contact1752948548], ContactData [firstname=contact-28300196 contact-685770796], ContactData [firstname=contact-290524347 contact1686216020], ContactData [firstname=contact-295577759 contact203382066], ContactData [firstname=contact-297606789 contact-81972049], ContactData [firstname=contact-303218186 contact218530852], ContactData [firstname=contact-333467828 contact1347974903], ContactData [firstname=contact-523353569 contact619200242], ContactData [firstname=contact-5403757 contact-471769588], ContactData [firstname=contact-597313071 contact841742668], ContactData [firstname=contact-631089381 contact-1074471345], ContactData [firstname=contact-645202244 contact1344888036], ContactData [firstname=contact-6610642 contact-1033766941], ContactData [firstname=contact-667173500 ], ContactData [firstname=contact-713864975 contact1274230563], ContactData [firstname=contact-726751997 contact-81866567], ContactData [firstname=contact-76440178 contact-492550361], ContactData [firstname=contact-789690377 contact691968569], ContactData [firstname=contact-817426665 contact-744985275], ContactData [firstname=contact-854856772 contact1875903107], ContactData [firstname=contact-879904822 contact2097009343], ContactData [firstname=contact-885736584 contact-338516388], ContactData [firstname=contact-895055293 contact100338882], ContactData [firstname=contact-928493325 contact-1600198552], ContactData [firstname=contact1019824555 ], ContactData [firstname=contact1029947798 contact-1818285644], ContactData [firstname=contact1197136367 contact-221333605], ContactData [firstname=contact1225286780 contact-1010534904], ContactData [firstname=contact1351781004 ], ContactData [firstname=contact135346673 contact314285756], ContactData [firstname=contact1384103860 contact-1750297482], ContactData [firstname=contact1412617115 contact1095883949], ContactData [firstname=contact1429293184 contact-230161030], ContactData [firstname=contact1444045682 ], ContactData [firstname=contact1449909716 contact1547212154], ContactData [firstname=contact1501793594 ], ContactData [firstname=contact1575914138 contact-1576014838], ContactData [firstname=contact1576259221 ], ContactData [firstname=contact1652158582 contact1954725106], ContactData [firstname=contact1665352736 contact-68285845], ContactData [firstname=contact1742778120 ], ContactData [firstname=contact1831823349 contact-152113235], ContactData [firstname=contact1868534376 contact-1779637412], ContactData [firstname=contact1895949044 contact-12086501], ContactData [firstname=contact1912129469 contact-499686633], ContactData [firstname=contact19126254 contact1617761075], ContactData [firstname=contact2086857205 ], ContactData [firstname=contact2116612621 contact1751633310], ContactData [firstname=contact2134898930 contact323438367], ContactData [firstname=contact2145354152 contact2081716959], ContactData [firstname=contact2146419344 contact1571946869], ContactData [firstname=contact304859901 contact257944444], ContactData [firstname=contact354158819 contact-768157963], ContactData [firstname=contact377926828 contact166672936], ContactData [firstname=contact387923194 contact304096773], ContactData [firstname=contact396202191 contact1104963259], ContactData [firstname=contact408847072 contact-1941337243], ContactData [firstname=contact427932534 contact-1585175601], ContactData [firstname=contact462882647 contact191281592], ContactData [firstname=contact497088869 contact1309119554], ContactData [firstname=contact504803650 contact-460924083], ContactData [firstname=contact534356041 contact-1880656099], ContactData [firstname=contact556075716 contact867124201], ContactData [firstname=contact578137329 contact-553193585], ContactData [firstname=contact676728428 contact515186250], ContactData [firstname=contact722045612 contact-226564379], ContactData [firstname=contact723879568 contact-629191678], ContactData [firstname=contact751412259 contact231460162], ContactData [firstname=contact803677240 contact2029199687], ContactData [firstname=contact818658350 contact-165602689], ContactData [firstname=contact853086696 contact-53960447], ContactData [firstname=contact907103472 contact344612456], ContactData [firstname=contact914013009 contact-317279928], ContactData [firstname=contact930213537 contact1145517436], ContactData [firstname=contact956238854 contact-463707092], ContactData [firstname=contact995744684 contact1322381095], ContactData [firstname=firstname lastname], ContactData [firstname=firstname lastname], ContactData [firstname=firstname lastname], ContactData [firstname=firstname lastname], ContactData [firstname=firstname lastname], ContactData [firstname=firstname lastname], ContactData [firstname=firstname lastname], ContactData [firstname=firstname lastname], ContactData [firstname=firstname lastname], ContactData [firstname=firstname lastname], ContactData [firstname=firstname lastname], ContactData [firstname=new firstname 1 contact-1085292444]]&gt;">
      <![CDATA[java.lang.AssertionError: 
Expected: <[ContactData [firstname= ], ContactData [firstname= contact-1741228021], ContactData [firstname= contact-250387542], ContactData [firstname= contact-33178555], ContactData [firstname= contact-944830002], ContactData [firstname= contact2042220997], ContactData [firstname= contact508015979], ContactData [firstname= contact573852903], ContactData [firstname= contact763698784], ContactData [firstname=contact-1003893696 contact1832957854], ContactData [firstname=contact-1018542874 contact1110630228], ContactData [firstname=contact-1032812329 contact1876990189], ContactData [firstname=contact-105380454 contact992918957], ContactData [firstname=contact-1112086347 contact-1666353661], ContactData [firstname=contact-111959760 contact1643959773], ContactData [firstname=contact-1124431461 contact-452730502], ContactData [firstname=contact-1125949593 contact-821563618], ContactData [firstname=contact-1142138484 contact-1485178577], ContactData [firstname=contact-1232624097 contact1228528473], ContactData [firstname=contact-1296169357 contact1327358402], ContactData [firstname=contact-1298868068 contact341066488], ContactData [firstname=contact-1306163080 contact1931510435], ContactData [firstname=contact-1360453192 contact-1182926829], ContactData [firstname=contact-1411891802 contact1490345085], ContactData [firstname=contact-1419795810 contact805183648], ContactData [firstname=contact-1530734337 contact-919386532], ContactData [firstname=contact-1543292716 contact382193066], ContactData [firstname=contact-1588979492 contact754405279], ContactData [firstname=contact-1625981785 contact1627749263], ContactData [firstname=contact-1638481963 contact2052824284], ContactData [firstname=contact-1657023750 contact-44627923], ContactData [firstname=contact-1664303146 contact194093936], ContactData [firstname=contact-1684141045 contact650480183], ContactData [firstname=contact-1692717059 contact-1258749546], ContactData [firstname=contact-1698790333 contact-2040943560], ContactData [firstname=contact-1706345991 contact545397946], ContactData [firstname=contact-1790052112 contact1909743213], ContactData [firstname=contact-1829135471 contact-1699923658], ContactData [firstname=contact-1845643199 contact-1293422703], ContactData [firstname=contact-1854462270 contact1987709254], ContactData [firstname=contact-1921235675 contact-396102320], ContactData [firstname=contact-1938935541 contact-1725653626], ContactData [firstname=contact-1945750768 contact979009808], ContactData [firstname=contact-1947669619 contact1257355028], ContactData [firstname=contact-2049265173 contact657043581], ContactData [firstname=contact-2072565575 contact-1876456754], ContactData [firstname=contact-209263223 contact-898023800], ContactData [firstname=contact-23994652 contact1752948548], ContactData [firstname=contact-28300196 contact-685770796], ContactData [firstname=contact-290524347 contact1686216020], ContactData [firstname=contact-295577759 contact203382066], ContactData [firstname=contact-297606789 contact-81972049], ContactData [firstname=contact-303218186 contact218530852], ContactData [firstname=contact-325665618 ], ContactData [firstname=contact-333467828 contact1347974903], ContactData [firstname=contact-523353569 contact619200242], ContactData [firstname=contact-5403757 contact-471769588], ContactData [firstname=contact-597313071 contact841742668], ContactData [firstname=contact-631089381 contact-1074471345], ContactData [firstname=contact-645202244 contact1344888036], ContactData [firstname=contact-6610642 contact-1033766941], ContactData [firstname=contact-667173500 ], ContactData [firstname=contact-713864975 contact1274230563], ContactData [firstname=contact-726751997 contact-81866567], ContactData [firstname=contact-76440178 contact-492550361], ContactData [firstname=contact-789690377 contact691968569], ContactData [firstname=contact-817426665 contact-744985275], ContactData [firstname=contact-854856772 contact1875903107], ContactData [firstname=contact-879904822 contact2097009343], ContactData [firstname=contact-885736584 contact-338516388], ContactData [firstname=contact-895055293 contact100338882], ContactData [firstname=contact-928493325 contact-1600198552], ContactData [firstname=contact1019824555 ], ContactData [firstname=contact1029947798 contact-1818285644], ContactData [firstname=contact1197136367 contact-221333605], ContactData [firstname=contact1225286780 contact-1010534904], ContactData [firstname=contact1351781004 ], ContactData [firstname=contact135346673 contact314285756], ContactData [firstname=contact1384103860 contact-1750297482], ContactData [firstname=contact1412617115 contact1095883949], ContactData [firstname=contact1429293184 contact-230161030], ContactData [firstname=contact1444045682 ], ContactData [firstname=contact1449909716 contact1547212154], ContactData [firstname=contact1501793594 ], ContactData [firstname=contact1575914138 contact-1576014838], ContactData [firstname=contact1576259221 ], ContactData [firstname=contact1652158582 contact1954725106], ContactData [firstname=contact1665352736 contact-68285845], ContactData [firstname=contact1742778120 ], ContactData [firstname=contact1831823349 contact-152113235], ContactData [firstname=contact1868534376 contact-1779637412], ContactData [firstname=contact1895949044 contact-12086501], ContactData [firstname=contact1912129469 contact-499686633], ContactData [firstname=contact19126254 contact1617761075], ContactData [firstname=contact2086857205 ], ContactData [firstname=contact2116612621 contact1751633310], ContactData [firstname=contact2134898930 contact323438367], ContactData [firstname=contact2145354152 contact2081716959], ContactData [firstname=contact2146419344 contact1571946869], ContactData [firstname=contact304859901 contact257944444], ContactData [firstname=contact354158819 contact-768157963], ContactData [firstname=contact377926828 contact166672936], ContactData [firstname=contact387923194 contact304096773], ContactData [firstname=contact396202191 contact1104963259], ContactData [firstname=contact408847072 contact-1941337243], ContactData [firstname=contact427932534 contact-1585175601], ContactData [firstname=contact462882647 contact191281592], ContactData [firstname=contact497088869 contact1309119554], ContactData [firstname=contact504803650 contact-460924083], ContactData [firstname=contact534356041 contact-1880656099], ContactData [firstname=contact556075716 contact867124201], ContactData [firstname=contact578137329 contact-553193585], ContactData [firstname=contact676728428 contact515186250], ContactData [firstname=contact722045612 contact-226564379], ContactData [firstname=contact723879568 contact-629191678], ContactData [firstname=contact751412259 contact231460162], ContactData [firstname=contact803677240 contact2029199687], ContactData [firstname=contact818658350 contact-165602689], ContactData [firstname=contact853086696 contact-53960447], ContactData [firstname=contact907103472 contact344612456], ContactData [firstname=contact914013009 contact-317279928], ContactData [firstname=contact930213537 contact1145517436], ContactData [firstname=contact956238854 contact-463707092], ContactData [firstname=contact995744684 contact1322381095], ContactData [firstname=firstname lastname], ContactData [firstname=firstname lastname], ContactData [firstname=firstname lastname], ContactData [firstname=firstname lastname], ContactData [firstname=firstname lastname], ContactData [firstname=firstname lastname], ContactData [firstname=firstname lastname], ContactData [firstname=firstname lastname], ContactData [firstname=firstname lastname], ContactData [firstname=firstname lastname], ContactData [firstname=firstname lastname], ContactData [firstname=new firstname 1 contact-1085292444]]]]><![CDATA[>
     but: was <[ContactData [firstname= ], ContactData [firstname= contact-1152953726], ContactData [firstname= contact-1741228021], ContactData [firstname= contact-250387542], ContactData [firstname= contact-33178555], ContactData [firstname= contact-944830002], ContactData [firstname= contact2042220997], ContactData [firstname= contact508015979], ContactData [firstname= contact573852903], ContactData [firstname= contact763698784], ContactData [firstname=contact-1003893696 contact1832957854], ContactData [firstname=contact-1018542874 contact1110630228], ContactData [firstname=contact-1032812329 contact1876990189], ContactData [firstname=contact-105380454 contact992918957], ContactData [firstname=contact-1112086347 contact-1666353661], ContactData [firstname=contact-111959760 contact1643959773], ContactData [firstname=contact-1124431461 contact-452730502], ContactData [firstname=contact-1125949593 contact-821563618], ContactData [firstname=contact-1142138484 contact-1485178577], ContactData [firstname=contact-1232624097 contact1228528473], ContactData [firstname=contact-1296169357 contact1327358402], ContactData [firstname=contact-1298868068 contact341066488], ContactData [firstname=contact-1306163080 contact1931510435], ContactData [firstname=contact-1360453192 contact-1182926829], ContactData [firstname=contact-1411891802 contact1490345085], ContactData [firstname=contact-1419795810 contact805183648], ContactData [firstname=contact-1530734337 contact-919386532], ContactData [firstname=contact-1543292716 contact382193066], ContactData [firstname=contact-1588979492 contact754405279], ContactData [firstname=contact-1625981785 contact1627749263], ContactData [firstname=contact-1638481963 contact2052824284], ContactData [firstname=contact-1657023750 contact-44627923], ContactData [firstname=contact-1664303146 contact194093936], ContactData [firstname=contact-1684141045 contact650480183], ContactData [firstname=contact-1692717059 contact-1258749546], ContactData [firstname=contact-1698790333 contact-2040943560], ContactData [firstname=contact-1706345991 contact545397946], ContactData [firstname=contact-1790052112 contact1909743213], ContactData [firstname=contact-1829135471 contact-1699923658], ContactData [firstname=contact-1845643199 contact-1293422703], ContactData [firstname=contact-1854462270 contact1987709254], ContactData [firstname=contact-1921235675 contact-396102320], ContactData [firstname=contact-1938935541 contact-1725653626], ContactData [firstname=contact-1945750768 contact979009808], ContactData [firstname=contact-1947669619 contact1257355028], ContactData [firstname=contact-2049265173 contact657043581], ContactData [firstname=contact-2072565575 contact-1876456754], ContactData [firstname=contact-209263223 contact-898023800], ContactData [firstname=contact-23994652 contact1752948548], ContactData [firstname=contact-28300196 contact-685770796], ContactData [firstname=contact-290524347 contact1686216020], ContactData [firstname=contact-295577759 contact203382066], ContactData [firstname=contact-297606789 contact-81972049], ContactData [firstname=contact-303218186 contact218530852], ContactData [firstname=contact-333467828 contact1347974903], ContactData [firstname=contact-523353569 contact619200242], ContactData [firstname=contact-5403757 contact-471769588], ContactData [firstname=contact-597313071 contact841742668], ContactData [firstname=contact-631089381 contact-1074471345], ContactData [firstname=contact-645202244 contact1344888036], ContactData [firstname=contact-6610642 contact-1033766941], ContactData [firstname=contact-667173500 ], ContactData [firstname=contact-713864975 contact1274230563], ContactData [firstname=contact-726751997 contact-81866567], ContactData [firstname=contact-76440178 contact-492550361], ContactData [firstname=contact-789690377 contact691968569], ContactData [firstname=contact-817426665 contact-744985275], ContactData [firstname=contact-854856772 contact1875903107], ContactData [firstname=contact-879904822 contact2097009343], ContactData [firstname=contact-885736584 contact-338516388], ContactData [firstname=contact-895055293 contact100338882], ContactData [firstname=contact-928493325 contact-1600198552], ContactData [firstname=contact1019824555 ], ContactData [firstname=contact1029947798 contact-1818285644], ContactData [firstname=contact1197136367 contact-221333605], ContactData [firstname=contact1225286780 contact-1010534904], ContactData [firstname=contact1351781004 ], ContactData [firstname=contact135346673 contact314285756], ContactData [firstname=contact1384103860 contact-1750297482], ContactData [firstname=contact1412617115 contact1095883949], ContactData [firstname=contact1429293184 contact-230161030], ContactData [firstname=contact1444045682 ], ContactData [firstname=contact1449909716 contact1547212154], ContactData [firstname=contact1501793594 ], ContactData [firstname=contact1575914138 contact-1576014838], ContactData [firstname=contact1576259221 ], ContactData [firstname=contact1652158582 contact1954725106], ContactData [firstname=contact1665352736 contact-68285845], ContactData [firstname=contact1742778120 ], ContactData [firstname=contact1831823349 contact-152113235], ContactData [firstname=contact1868534376 contact-1779637412], ContactData [firstname=contact1895949044 contact-12086501], ContactData [firstname=contact1912129469 contact-499686633], ContactData [firstname=contact19126254 contact1617761075], ContactData [firstname=contact2086857205 ], ContactData [firstname=contact2116612621 contact1751633310], ContactData [firstname=contact2134898930 contact323438367], ContactData [firstname=contact2145354152 contact2081716959], ContactData [firstname=contact2146419344 contact1571946869], ContactData [firstname=contact304859901 contact257944444], ContactData [firstname=contact354158819 contact-768157963], ContactData [firstname=contact377926828 contact166672936], ContactData [firstname=contact387923194 contact304096773], ContactData [firstname=contact396202191 contact1104963259], ContactData [firstname=contact408847072 contact-1941337243], ContactData [firstname=contact427932534 contact-1585175601], ContactData [firstname=contact462882647 contact191281592], ContactData [firstname=contact497088869 contact1309119554], ContactData [firstname=contact504803650 contact-460924083], ContactData [firstname=contact534356041 contact-1880656099], ContactData [firstname=contact556075716 contact867124201], ContactData [firstname=contact578137329 contact-553193585], ContactData [firstname=contact676728428 contact515186250], ContactData [firstname=contact722045612 contact-226564379], ContactData [firstname=contact723879568 contact-629191678], ContactData [firstname=contact751412259 contact231460162], ContactData [firstname=contact803677240 contact2029199687], ContactData [firstname=contact818658350 contact-165602689], ContactData [firstname=contact853086696 contact-53960447], ContactData [firstname=contact907103472 contact344612456], ContactData [firstname=contact914013009 contact-317279928], ContactData [firstname=contact930213537 contact1145517436], ContactData [firstname=contact956238854 contact-463707092], ContactData [firstname=contact995744684 contact1322381095], ContactData [firstname=firstname lastname], ContactData [firstname=firstname lastname], ContactData [firstname=firstname lastname], ContactData [firstname=firstname lastname], ContactData [firstname=firstname lastname], ContactData [firstname=firstname lastname], ContactData [firstname=firstname lastname], ContactData [firstname=firstname lastname], ContactData [firstname=firstname lastname], ContactData [firstname=firstname lastname], ContactData [firstname=firstname lastname], ContactData [firstname=new firstname 1 contact-1085292444]]]]><![CDATA[>
	at org.hamcrest.MatcherAssert.assertThat(MatcherAssert.java:20)
	at org.junit.Assert.assertThat(Assert.java:956)
	at org.junit.Assert.assertThat(Assert.java:923)
	at com.example.tests.ContactRemovalTests.deleteSomeContact(ContactRemovalTests.java:34)
	at sun.reflect.NativeMethodAccessorImpl.invoke0(Native Method)
	at sun.reflect.NativeMethodAccessorImpl.invoke(Unknown Source)
	at sun.reflect.DelegatingMethodAccessorImpl.invoke(Unknown Source)
	at java.lang.reflect.Method.invoke(Unknown Source)
	at org.testng.internal.MethodInvocationHelper.invokeMethod(MethodInvocationHelper.java:85)
	at org.testng.internal.Invoker.invokeMethod(Invoker.java:639)
	at org.testng.internal.Invoker.invokeTestMethod(Invoker.java:816)
	at org.testng.internal.Invoker.invokeTestMethods(Invoker.java:1124)
	at org.testng.internal.TestMethodWorker.invokeTestMethods(TestMethodWorker.java:125)
	at org.testng.internal.TestMethodWorker.run(TestMethodWorker.java:108)
	at org.testng.TestRunner.privateRun(TestRunner.java:774)
	at org.testng.TestRunner.run(TestRunner.java:624)
	at org.testng.SuiteRunner.runTest(SuiteRunner.java:359)
	at org.testng.SuiteRunner.runSequentially(SuiteRunner.java:354)
	at org.testng.SuiteRunner.privateRun(SuiteRunner.java:312)
	at org.testng.SuiteRunner.run(SuiteRunner.java:261)
	at org.testng.SuiteRunnerWorker.runSuite(SuiteRunnerWorker.java:52)
	at org.testng.SuiteRunnerWorker.run(SuiteRunnerWorker.java:86)
	at org.testng.TestNG.runSuitesSequentially(TestNG.java:1215)
	at org.testng.TestNG.runSuitesLocally(TestNG.java:1140)
	at org.testng.TestNG.run(TestNG.java:1048)
	at org.testng.remote.AbstractRemoteTestNG.run(AbstractRemoteTestNG.java:132)
	at org.testng.remote.RemoteTestNG.initAndRun(RemoteTestNG.java:236)
	at org.testng.remote.RemoteTestNG.main(RemoteTestNG.java:81)
]]>
    </failure>
  </testcase> <!-- deleteSomeContact -->
</testsuite> <!-- com.example.tests.ContactRemovalTests -->
