<?xml version="1.0" encoding="UTF-8"?>
<!-- Generated by org.testng.reporters.JUnitReportReporter -->
<testsuite hostname="DESKTOP-7R5CGPG" name="com.example.tests.ContactRemovalTests" tests="1" failures="0" timestamp="22 Nov 2016 13:42:18 GMT" time="1.635" errors="0">
  <testcase name="deleteSomeContact" time="1.635" classname="com.example.tests.ContactRemovalTests"/>
</testsuite> <!-- com.example.tests.ContactRemovalTests -->
