<?xml version="1.0" encoding="UTF-8"?>
<!-- Generated by org.testng.reporters.JUnitReportReporter -->
<testsuite hostname="DESKTOP-7R5CGPG" name="com.example.tests.ContactModificationTests" tests="1" failures="0" timestamp="22 Nov 2016 13:42:18 GMT" time="1.060" errors="0">
  <testcase name="modifySomeContact" time="1.060" classname="com.example.tests.ContactModificationTests"/>
</testsuite> <!-- com.example.tests.ContactModificationTests -->
