<?xml version="1.0" encoding="UTF-8"?>
<!-- Generated by org.testng.reporters.JUnitReportReporter -->
<testsuite hostname="DESKTOP-7R5CGPG" name="com.example.tests.GroupModificationTests" tests="5" failures="0" timestamp="23 Mar 2017 07:36:09 GMT" time="19.088" errors="0">
  <testcase name="modifySomeGroup" time="3.486" classname="com.example.tests.GroupModificationTests"/>
  <testcase name="modifySomeGroup" time="3.198" classname="com.example.tests.GroupModificationTests"/>
  <testcase name="modifySomeGroup" time="5.856" classname="com.example.tests.GroupModificationTests"/>
  <testcase name="modifySomeGroup" time="3.409" classname="com.example.tests.GroupModificationTests"/>
  <testcase name="modifySomeGroup" time="3.139" classname="com.example.tests.GroupModificationTests"/>
</testsuite> <!-- com.example.tests.GroupModificationTests -->
