<?xml version="1.0" encoding="UTF-8"?>
<!-- Generated by org.testng.reporters.JUnitReportReporter -->
<testsuite hostname="DESKTOP-7R5CGPG" name="com.example.tests.AlsoOfGroupCreationTests" tests="2" failures="0" timestamp="21 Oct 2016 15:06:22 GMT" time="2.523" errors="0">
  <testcase name="testNonEmptyGroupCreation" time="1.291" classname="com.example.tests.AlsoOfGroupCreationTests"/>
  <testcase name="testEmptyGroupCreation" time="1.232" classname="com.example.tests.AlsoOfGroupCreationTests"/>
</testsuite> <!-- com.example.tests.AlsoOfGroupCreationTests -->
