<?xml version="1.0" encoding="UTF-8"?>
<!-- Generated by org.testng.reporters.JUnitReportReporter -->
<testsuite hostname="DESKTOP-7R5CGPG" name="com.example.tests.GroupModificationTests" tests="5" failures="0" timestamp="22 Nov 2016 13:42:18 GMT" time="18.224" errors="0">
  <testcase name="modifySomeGroup" time="3.511" classname="com.example.tests.GroupModificationTests"/>
  <testcase name="modifySomeGroup" time="3.584" classname="com.example.tests.GroupModificationTests"/>
  <testcase name="modifySomeGroup" time="3.825" classname="com.example.tests.GroupModificationTests"/>
  <testcase name="modifySomeGroup" time="3.550" classname="com.example.tests.GroupModificationTests"/>
  <testcase name="modifySomeGroup" time="3.754" classname="com.example.tests.GroupModificationTests"/>
</testsuite> <!-- com.example.tests.GroupModificationTests -->
