<?xml version="1.0" encoding="UTF-8"?>
<!-- Generated by org.testng.reporters.JUnitReportReporter -->
<testsuite hostname="DESKTOP-7R5CGPG" name="com.example.tests.GroupRemovalTests" tests="1" failures="0" timestamp="20 Jan 2017 09:23:16 GMT" time="34.773" errors="0">
  <testcase name="deleteSomeGroup" time="34.773" classname="com.example.tests.GroupRemovalTests"/>
</testsuite> <!-- com.example.tests.GroupRemovalTests -->
