<?xml version="1.0" encoding="UTF-8"?>
<!-- Generated by org.testng.reporters.JUnitReportReporter -->
<testsuite hostname="DESKTOP-7R5CGPG" name="com.example.tests.ContactRemovalTests" tests="1" failures="0" timestamp="13 Jan 2017 14:58:45 GMT" time="2.765" errors="0">
  <testcase name="deleteSomeContact" time="2.765" classname="com.example.tests.ContactRemovalTests"/>
</testsuite> <!-- com.example.tests.ContactRemovalTests -->
