<?xml version="1.0" encoding="UTF-8"?>
<!-- Generated by org.testng.reporters.JUnitReportReporter -->
<testsuite hostname="DESKTOP-7R5CGPG" name="com.example.tests.GroupModificationTests" tests="5" failures="0" timestamp="27 Feb 2017 08:43:20 GMT" time="26.827" errors="0">
  <testcase name="modifySomeGroup" time="5.247" classname="com.example.tests.GroupModificationTests"/>
  <testcase name="modifySomeGroup" time="5.321" classname="com.example.tests.GroupModificationTests"/>
  <testcase name="modifySomeGroup" time="5.373" classname="com.example.tests.GroupModificationTests"/>
  <testcase name="modifySomeGroup" time="5.381" classname="com.example.tests.GroupModificationTests"/>
  <testcase name="modifySomeGroup" time="5.505" classname="com.example.tests.GroupModificationTests"/>
</testsuite> <!-- com.example.tests.GroupModificationTests -->
