<?xml version="1.0" encoding="UTF-8"?>
<!-- Generated by org.testng.reporters.JUnitReportReporter -->
<testsuite hostname="DESKTOP-7R5CGPG" name="com.example.tests.GroupModificationTests" tests="5" failures="0" timestamp="17 Jan 2017 14:56:51 GMT" time="169.685" errors="0">
  <testcase name="modifySomeGroup" time="46.587" classname="com.example.tests.GroupModificationTests"/>
  <testcase name="modifySomeGroup" time="23.218" classname="com.example.tests.GroupModificationTests"/>
  <testcase name="modifySomeGroup" time="19.211" classname="com.example.tests.GroupModificationTests"/>
  <testcase name="modifySomeGroup" time="73.886" classname="com.example.tests.GroupModificationTests"/>
  <testcase name="modifySomeGroup" time="6.783" classname="com.example.tests.GroupModificationTests"/>
</testsuite> <!-- com.example.tests.GroupModificationTests -->
