<?xml version="1.0" encoding="UTF-8"?>
<!-- Generated by org.testng.reporters.JUnitReportReporter -->
<testsuite hostname="DESKTOP-7R5CGPG" name="com.example.tests.GroupModificationTests" tests="1" failures="0" timestamp="2 Nov 2016 09:19:38 GMT" time="1.359" errors="0">
  <testcase name="modifySomeGroup" time="1.359" classname="com.example.tests.GroupModificationTests"/>
</testsuite> <!-- com.example.tests.GroupModificationTests -->
