<?xml version="1.0" encoding="UTF-8"?>
<!-- Generated by org.testng.reporters.JUnitReportReporter -->
<testsuite hostname="DESKTOP-7R5CGPG" name="com.example.tests.ContactCreationTests" tests="5" failures="0" timestamp="16 Jan 2017 11:13:41 GMT" time="28.866" errors="0">
  <testcase name="testContactCreationWithValidData" time="5.734" classname="com.example.tests.ContactCreationTests"/>
  <testcase name="testContactCreationWithValidData" time="5.523" classname="com.example.tests.ContactCreationTests"/>
  <testcase name="testContactCreationWithValidData" time="5.696" classname="com.example.tests.ContactCreationTests"/>
  <testcase name="testContactCreationWithValidData" time="5.757" classname="com.example.tests.ContactCreationTests"/>
  <testcase name="testContactCreationWithValidData" time="6.156" classname="com.example.tests.ContactCreationTests"/>
</testsuite> <!-- com.example.tests.ContactCreationTests -->
