<?xml version="1.0" encoding="UTF-8"?>
<!-- Generated by org.testng.reporters.JUnitReportReporter -->
<testsuite hostname="DESKTOP-7R5CGPG" name="com.example.tests.GroupModificationTests" tests="1" failures="0" timestamp="10 Nov 2016 14:09:31 GMT" time="2.482" errors="0">
  <testcase name="modifySomeGroup" time="2.482" classname="com.example.tests.GroupModificationTests"/>
</testsuite> <!-- com.example.tests.GroupModificationTests -->
