<?xml version="1.0" encoding="UTF-8"?>
<!-- Generated by org.testng.reporters.JUnitReportReporter -->
<testsuite hostname="katya" name="com.example.tests.AlsoOfGroupCreationTests" tests="2" failures="0" timestamp="22 Oct 2016 09:55:03 GMT" time="6.866" errors="0">
  <testcase name="testNonEmptyGroupCreation" time="3.455" classname="com.example.tests.AlsoOfGroupCreationTests"/>
  <testcase name="testEmptyGroupCreation" time="3.411" classname="com.example.tests.AlsoOfGroupCreationTests"/>
</testsuite> <!-- com.example.tests.AlsoOfGroupCreationTests -->
