<?xml version="1.0" encoding="UTF-8"?>
<!-- Generated by org.testng.reporters.JUnitReportReporter -->
<testsuite hostname="DESKTOP-7R5CGPG" name="com.example.tests.GroupRemovalTests" tests="1" failures="0" timestamp="10 Apr 2017 11:28:55 GMT" time="2.280" errors="0">
  <testcase name="deleteSomeGroup" time="2.280" classname="com.example.tests.GroupRemovalTests"/>
</testsuite> <!-- com.example.tests.GroupRemovalTests -->
