<?xml version="1.0" encoding="UTF-8"?>
<!-- Generated by org.testng.reporters.JUnitReportReporter -->
<testsuite hostname="DESKTOP-7R5CGPG" name="com.example.tests.ContactModificationTests" tests="1" failures="0" timestamp="13 Jan 2017 15:02:15 GMT" time="2.842" errors="0">
  <testcase name="modifySomeContact" time="2.842" classname="com.example.tests.ContactModificationTests"/>
</testsuite> <!-- com.example.tests.ContactModificationTests -->
