<?xml version="1.0" encoding="UTF-8"?>
<!-- Generated by org.testng.reporters.JUnitReportReporter -->
<testsuite hostname="katya" name="com.example.tests.AlsoGroupCreationTests" tests="2" failures="0" timestamp="22 Oct 2016 12:06:58 GMT" time="4.900" errors="0">
  <testcase name="testEmptyGroupCreation" time="2.410" classname="com.example.tests.AlsoGroupCreationTests"/>
  <testcase name="testNonEmptyGroupCreation" time="2.490" classname="com.example.tests.AlsoGroupCreationTests"/>
</testsuite> <!-- com.example.tests.AlsoGroupCreationTests -->
