<?xml version="1.0" encoding="UTF-8"?>
<!-- Generated by org.testng.reporters.JUnitReportReporter -->
<testsuite hostname="DESKTOP-7R5CGPG" name="com.example.tests.ContactModificationTests" tests="5" failures="0" timestamp="16 Jan 2017 11:18:56 GMT" time="29.261" errors="0">
  <testcase name="modifySomeContact" time="5.746" classname="com.example.tests.ContactModificationTests"/>
  <testcase name="modifySomeContact" time="5.757" classname="com.example.tests.ContactModificationTests"/>
  <testcase name="modifySomeContact" time="5.823" classname="com.example.tests.ContactModificationTests"/>
  <testcase name="modifySomeContact" time="5.622" classname="com.example.tests.ContactModificationTests"/>
  <testcase name="modifySomeContact" time="6.313" classname="com.example.tests.ContactModificationTests"/>
</testsuite> <!-- com.example.tests.ContactModificationTests -->
