<?xml version="1.0" encoding="UTF-8"?>
<!-- Generated by org.testng.reporters.JUnitReportReporter -->
<testsuite hostname="DESKTOP-7R5CGPG" name="com.example.tests.GroupModificationTests" tests="5" failures="0" timestamp="12 Dec 2016 15:26:51 GMT" time="21.590" errors="0">
  <testcase name="modifySomeGroup" time="4.338" classname="com.example.tests.GroupModificationTests"/>
  <testcase name="modifySomeGroup" time="4.354" classname="com.example.tests.GroupModificationTests"/>
  <testcase name="modifySomeGroup" time="4.374" classname="com.example.tests.GroupModificationTests"/>
  <testcase name="modifySomeGroup" time="4.313" classname="com.example.tests.GroupModificationTests"/>
  <testcase name="modifySomeGroup" time="4.211" classname="com.example.tests.GroupModificationTests"/>
</testsuite> <!-- com.example.tests.GroupModificationTests -->
