<?xml version="1.0" encoding="UTF-8"?>
<!-- Generated by org.testng.reporters.JUnitReportReporter -->
<testsuite hostname="DESKTOP-7R5CGPG" name="com.example.tests.GroupModificationTests" tests="5" failures="0" timestamp="6 Feb 2017 18:10:06 GMT" time="26.668" errors="0">
  <testcase name="modifySomeGroup" time="5.176" classname="com.example.tests.GroupModificationTests"/>
  <testcase name="modifySomeGroup" time="5.122" classname="com.example.tests.GroupModificationTests"/>
  <testcase name="modifySomeGroup" time="5.585" classname="com.example.tests.GroupModificationTests"/>
  <testcase name="modifySomeGroup" time="5.425" classname="com.example.tests.GroupModificationTests"/>
  <testcase name="modifySomeGroup" time="5.360" classname="com.example.tests.GroupModificationTests"/>
</testsuite> <!-- com.example.tests.GroupModificationTests -->
