<?xml version="1.0" encoding="UTF-8"?>
<!-- Generated by org.testng.reporters.JUnitReportReporter -->
<testsuite hostname="DESKTOP-7R5CGPG" name="com.example.tests.ContactModificationTests" tests="1" failures="0" timestamp="7 Nov 2016 15:23:07 GMT" time="0.949" errors="0">
  <testcase name="modifySomeContact" time="0.949" classname="com.example.tests.ContactModificationTests"/>
</testsuite> <!-- com.example.tests.ContactModificationTests -->
