<?xml version="1.0" encoding="UTF-8"?>
<!-- Generated by org.testng.reporters.JUnitReportReporter -->
<testsuite hostname="DESKTOP-7R5CGPG" name="com.example.tests.ContactRemovalTests" tests="1" failures="0" timestamp="16 Jan 2017 12:35:15 GMT" time="3.920" errors="0">
  <testcase name="deleteSomeContact" time="3.920" classname="com.example.tests.ContactRemovalTests"/>
</testsuite> <!-- com.example.tests.ContactRemovalTests -->
