<?xml version="1.0" encoding="UTF-8"?>
<!-- Generated by org.testng.reporters.JUnitReportReporter -->
<testsuite hostname="DESKTOP-7R5CGPG" name="com.example.tests.GroupRemovalTests" tests="1" failures="0" timestamp="17 Apr 2017 15:28:17 GMT" time="2.508" errors="0">
  <testcase name="deleteSomeGroup" time="2.508" classname="com.example.tests.GroupRemovalTests"/>
</testsuite> <!-- com.example.tests.GroupRemovalTests -->
