<?xml version="1.0" encoding="UTF-8"?>
<!-- Generated by org.testng.reporters.JUnitReportReporter -->
<testsuite hostname="katya" name="com.example.tests.GroupRemovalTests" tests="1" failures="0" timestamp="28 Oct 2016 17:50:25 GMT" time="1.930" errors="0">
  <testcase name="deleteSomeGroup" time="1.930" classname="com.example.tests.GroupRemovalTests"/>
</testsuite> <!-- com.example.tests.GroupRemovalTests -->
