<?xml version="1.0" encoding="UTF-8"?>
<!-- Generated by org.testng.reporters.JUnitReportReporter -->
<testsuite hostname="DESKTOP-7R5CGPG" name="com.example.tests.GroupModificationTests" tests="5" failures="0" timestamp="10 Apr 2017 11:28:43 GMT" time="8.147" errors="0">
  <testcase name="modifySomeGroup" time="1.362" classname="com.example.tests.GroupModificationTests"/>
  <testcase name="modifySomeGroup" time="1.382" classname="com.example.tests.GroupModificationTests"/>
  <testcase name="modifySomeGroup" time="1.310" classname="com.example.tests.GroupModificationTests"/>
  <testcase name="modifySomeGroup" time="2.803" classname="com.example.tests.GroupModificationTests"/>
  <testcase name="modifySomeGroup" time="1.290" classname="com.example.tests.GroupModificationTests"/>
</testsuite> <!-- com.example.tests.GroupModificationTests -->
